<?xml version="1.0" encoding="UTF-8"?>
<testng-results skipped="0" failed="1" total="4" passed="3">
  <reporter-output>
  </reporter-output>
  <suite name="Suite" duration-ms="85097" started-at="2020-04-02T19:38:13Z" finished-at="2020-04-02T19:39:38Z">
    <groups>
    </groups>
    <test name="LOGIN" duration-ms="51844" started-at="2020-04-02T19:38:13Z" finished-at="2020-04-02T19:39:05Z">
      <class name="Academy.E2EProject.HomePage">
        <test-method status="PASS" signature="initializing()[pri:0, instance:Academy.E2EProject.HomePage@d86a6f]" name="initializing" is-config="true" duration-ms="8545" started-at="2020-04-03T01:08:13Z" finished-at="2020-04-03T01:08:21Z">
          <reporter-output>
          </reporter-output>
        </test-method> <!-- initializing -->
        <test-method status="PASS" signature="baseNavigationDriver(java.lang.String, java.lang.String, java.lang.String)[pri:0, instance:Academy.E2EProject.HomePage@d86a6f]" name="baseNavigationDriver" duration-ms="22435" started-at="2020-04-03T01:08:21Z" data-provider="getData" finished-at="2020-04-03T01:08:44Z">
          <params>
            <param index="0">
              <value>
                <![CDATA[nonrestrict@test.com]]>
              </value>
            </param>
            <param index="1">
              <value>
                <![CDATA[test1234]]>
              </value>
            </param>
            <param index="2">
              <value>
                <![CDATA[Non-restricted user]]>
              </value>
            </param>
          </params>
          <reporter-output>
          </reporter-output>
        </test-method> <!-- baseNavigationDriver -->
        <test-method status="PASS" signature="baseNavigationDriver(java.lang.String, java.lang.String, java.lang.String)[pri:0, instance:Academy.E2EProject.HomePage@d86a6f]" name="baseNavigationDriver" duration-ms="19479" started-at="2020-04-03T01:08:44Z" data-provider="getData" finished-at="2020-04-03T01:09:03Z">
          <params>
            <param index="0">
              <value>
                <![CDATA[restrict@test.com]]>
              </value>
            </param>
            <param index="1">
              <value>
                <![CDATA[test1234]]>
              </value>
            </param>
            <param index="2">
              <value>
                <![CDATA[restricted user]]>
              </value>
            </param>
          </params>
          <reporter-output>
          </reporter-output>
        </test-method> <!-- baseNavigationDriver -->
        <test-method status="PASS" signature="teardown()[pri:0, instance:Academy.E2EProject.HomePage@d86a6f]" name="teardown" is-config="true" duration-ms="1324" started-at="2020-04-03T01:09:03Z" finished-at="2020-04-03T01:09:05Z">
          <reporter-output>
          </reporter-output>
        </test-method> <!-- teardown -->
      </class> <!-- Academy.E2EProject.HomePage -->
    </test> <!-- LOGIN -->
    <test name="NAVIGATION BAR" duration-ms="17924" started-at="2020-04-02T19:39:05Z" finished-at="2020-04-02T19:39:23Z">
      <class name="Academy.E2EProject.ValidateNavbar">
        <test-method status="PASS" signature="initializing()[pri:0, instance:Academy.E2EProject.ValidateNavbar@6e9175d8]" name="initializing" is-config="true" duration-ms="14654" started-at="2020-04-03T01:09:05Z" finished-at="2020-04-03T01:09:19Z">
          <reporter-output>
          </reporter-output>
        </test-method> <!-- initializing -->
        <test-method status="PASS" signature="navigationBar()[pri:0, instance:Academy.E2EProject.ValidateNavbar@6e9175d8]" name="navigationBar" duration-ms="516" started-at="2020-04-03T01:09:19Z" finished-at="2020-04-03T01:09:20Z">
          <reporter-output>
          </reporter-output>
        </test-method> <!-- navigationBar -->
        <test-method status="PASS" signature="teardown()[pri:0, instance:Academy.E2EProject.ValidateNavbar@6e9175d8]" name="teardown" is-config="true" duration-ms="2742" started-at="2020-04-03T01:09:20Z" finished-at="2020-04-03T01:09:23Z">
          <reporter-output>
          </reporter-output>
        </test-method> <!-- teardown -->
      </class> <!-- Academy.E2EProject.ValidateNavbar -->
    </test> <!-- NAVIGATION BAR -->
    <test name="TITLE VADIDATION" duration-ms="15214" started-at="2020-04-02T19:39:23Z" finished-at="2020-04-02T19:39:38Z">
      <class name="Academy.E2EProject.Validatetitle">
        <test-method status="PASS" signature="initializing()[pri:0, instance:Academy.E2EProject.Validatetitle@7674f035]" name="initializing" is-config="true" duration-ms="13327" started-at="2020-04-03T01:09:23Z" finished-at="2020-04-03T01:09:36Z">
          <reporter-output>
          </reporter-output>
        </test-method> <!-- initializing -->
        <test-method status="FAIL" signature="baseNavigationDriver()[pri:0, instance:Academy.E2EProject.Validatetitle@7674f035]" name="baseNavigationDriver" duration-ms="460" started-at="2020-04-03T01:09:36Z" finished-at="2020-04-03T01:09:36Z">
          <exception class="java.lang.AssertionError">
            <message>
              <![CDATA[expected [Featured Course] but found [Featured Courses]]]>
            </message>
            <full-stacktrace>
              <![CDATA[java.lang.AssertionError: expected [Featured Course] but found [Featured Courses]
	at org.testng.Assert.fail(Assert.java:94)
	at org.testng.Assert.failNotEquals(Assert.java:496)
	at org.testng.Assert.assertEquals(Assert.java:125)
	at org.testng.Assert.assertEquals(Assert.java:178)
	at org.testng.Assert.assertEquals(Assert.java:188)
	at Academy.E2EProject.Validatetitle.baseNavigationDriver(Validatetitle.java:31)
	at sun.reflect.NativeMethodAccessorImpl.invoke0(Native Method)
	at sun.reflect.NativeMethodAccessorImpl.invoke(NativeMethodAccessorImpl.java:62)
	at sun.reflect.DelegatingMethodAccessorImpl.invoke(DelegatingMethodAccessorImpl.java:43)
	at java.lang.reflect.Method.invoke(Method.java:498)
	at org.testng.internal.MethodInvocationHelper.invokeMethod(MethodInvocationHelper.java:85)
	at org.testng.internal.Invoker.invokeMethod(Invoker.java:639)
	at org.testng.internal.Invoker.invokeTestMethod(Invoker.java:816)
	at org.testng.internal.Invoker.invokeTestMethods(Invoker.java:1124)
	at org.testng.internal.TestMethodWorker.invokeTestMethods(TestMethodWorker.java:125)
	at org.testng.internal.TestMethodWorker.run(TestMethodWorker.java:108)
	at org.testng.TestRunner.privateRun(TestRunner.java:774)
	at org.testng.TestRunner.run(TestRunner.java:624)
	at org.testng.SuiteRunner.runTest(SuiteRunner.java:359)
	at org.testng.SuiteRunner.runSequentially(SuiteRunner.java:354)
	at org.testng.SuiteRunner.privateRun(SuiteRunner.java:312)
	at org.testng.SuiteRunner.run(SuiteRunner.java:261)
	at org.testng.SuiteRunnerWorker.runSuite(SuiteRunnerWorker.java:52)
	at org.testng.SuiteRunnerWorker.run(SuiteRunnerWorker.java:86)
	at org.testng.TestNG.runSuitesSequentially(TestNG.java:1191)
	at org.testng.TestNG.runSuitesLocally(TestNG.java:1116)
	at org.testng.TestNG.run(TestNG.java:1024)
	at org.testng.remote.AbstractRemoteTestNG.run(AbstractRemoteTestNG.java:115)
	at org.testng.remote.RemoteTestNG.initAndRun(RemoteTestNG.java:251)
	at org.testng.remote.RemoteTestNG.main(RemoteTestNG.java:77)
]]>
            </full-stacktrace>
          </exception> <!-- java.lang.AssertionError -->
          <reporter-output>
          </reporter-output>
        </test-method> <!-- baseNavigationDriver -->
        <test-method status="PASS" signature="teardown()[pri:0, instance:Academy.E2EProject.Validatetitle@7674f035]" name="teardown" is-config="true" duration-ms="552" started-at="2020-04-03T01:09:37Z" finished-at="2020-04-03T01:09:38Z">
          <reporter-output>
          </reporter-output>
        </test-method> <!-- teardown -->
      </class> <!-- Academy.E2EProject.Validatetitle -->
    </test> <!-- TITLE VADIDATION -->
  </suite> <!-- Suite -->
</testng-results>
